///START OF LOG FILE //////START OF LOG FILE ///
MajikTrikBot 1.12.0, Refreshing Files and (re)Booting
Loading ../majikconfig.json...
Loaded File ../majikconfig.json.
[Mon Dec 14 2020 14:20:55 GMT-0500 (Eastern Standard Time)] [Debug] Provided token: NjQ2NDQxNTgzMTc2MDU2ODQy.XdRLow.***************************
[Mon Dec 14 2020 14:20:55 GMT-0500 (Eastern Standard Time)] [Debug] Preparing to connect to the gateway...
[Mon Dec 14 2020 14:20:56 GMT-0500 (Eastern Standard Time)] [Debug] [WS => Manager] Session Limit Information
    Total: 1000
    Remaining: 1000
[Mon Dec 14 2020 14:20:56 GMT-0500 (Eastern Standard Time)] [Debug] [WS => Manager] Fetched Gateway Information
    URL: wss://gateway.discord.gg
    Recommended Shards: 1
[Mon Dec 14 2020 14:20:57 GMT-0500 (Eastern Standard Time)] [Debug] [WS => Manager] Spawning shards: 0
[Mon Dec 14 2020 14:20:57 GMT-0500 (Eastern Standard Time)] [Debug] [WS => Shard 0] [CONNECT]
    Gateway    : wss://gateway.discord.gg/
    Version    : 6
    Encoding   : json
    Compression: none
[Mon Dec 14 2020 14:20:58 GMT-0500 (Eastern Standard Time)] [Debug] [WS => Shard 0] Setting a HELLO timeout for 20s.
[Mon Dec 14 2020 14:20:59 GMT-0500 (Eastern Standard Time)] [Debug] [WS => Shard 0] Clearing the HELLO timeout.
[Mon Dec 14 2020 14:20:59 GMT-0500 (Eastern Standard Time)] [Debug] [WS => Shard 0] [CONNECTED] wss://gateway.discord.gg/?v=6&encoding=json in 949ms
[Mon Dec 14 2020 14:20:59 GMT-0500 (Eastern Standard Time)] [Debug] [WS => Shard 0] Setting a heartbeat interval for 41250ms.
[Mon Dec 14 2020 14:20:59 GMT-0500 (Eastern Standard Time)] [Debug] [WS => Shard 0] [IDENTIFY] Shard 0/1
[Mon Dec 14 2020 14:20:59 GMT-0500 (Eastern Standard Time)] [Debug] [WS => Shard 0] [READY] Session a2ef73e2dc397ceea1dbe550f1f822e0.
[Mon Dec 14 2020 14:20:59 GMT-0500 (Eastern Standard Time)] [Debug] [WS => Shard 0] Shard received all its guilds. Marking as fully ready.
Loading ./lib/data/guilddata.json...
Loaded File ./lib/data/guilddata.json.
Loading ./ai.js...
Loaded File ./ai.js.
All Systems active at Mon Dec 14 2020 14:20:59 GMT-0500 (Eastern Standard Time)
All Systems active, Marking as READY
[Mon Dec 14 2020 16:48:51 GMT-0500 (Eastern Standard Time)] [Debug] [WS => Shard 0] [CLOSE]
    Event Code: 1006
    Clean     : false
    Reason    : No reason received
[Mon Dec 14 2020 16:48:51 GMT-0500 (Eastern Standard Time)] [Debug] [WS => Shard 0] Clearing the heartbeat interval.
[Mon Dec 14 2020 16:48:51 GMT-0500 (Eastern Standard Time)] [Debug] [WS => Shard 0] Session ID is present, attempting an immediate reconnect...
[Mon Dec 14 2020 16:48:51 GMT-0500 (Eastern Standard Time)] [Debug] [WS => Shard 0] A connection object was found. Cleaning up before continuing.
    State: CLOSED
[Mon Dec 14 2020 16:48:51 GMT-0500 (Eastern Standard Time)] [Debug] [WS => Shard 0] [DESTROY]
    Close Code    : 1000
    Reset         : false
    Emit DESTROYED: false
[Mon Dec 14 2020 16:48:51 GMT-0500 (Eastern Standard Time)] [Debug] [WS => Shard 0] WS State: CLOSED
[Mon Dec 14 2020 16:48:51 GMT-0500 (Eastern Standard Time)] [Debug] [WS => Shard 0] [CONNECT]
    Gateway    : wss://gateway.discord.gg/
    Version    : 6
    Encoding   : json
    Compression: none
[Mon Dec 14 2020 16:48:51 GMT-0500 (Eastern Standard Time)] [Debug] [WS => Shard 0] Setting a HELLO timeout for 20s.
[Mon Dec 14 2020 16:48:52 GMT-0500 (Eastern Standard Time)] [Debug] [WS => Shard 0] Setting a heartbeat interval for 41250ms.
[Mon Dec 14 2020 16:48:52 GMT-0500 (Eastern Standard Time)] [Debug] [WS => Shard 0] [CONNECTED] wss://gateway.discord.gg/?v=6&encoding=json in 254ms
[Mon Dec 14 2020 16:48:52 GMT-0500 (Eastern Standard Time)] [Debug] [WS => Shard 0] Clearing the HELLO timeout.
[Mon Dec 14 2020 16:48:52 GMT-0500 (Eastern Standard Time)] [Debug] [WS => Shard 0] [RESUME] Session a2ef73e2dc397ceea1dbe550f1f822e0, sequence 153
[Mon Dec 14 2020 16:48:52 GMT-0500 (Eastern Standard Time)] [Debug] [WS => Shard 0] [RESUMED] Session a2ef73e2dc397ceea1dbe550f1f822e0 | Replayed 1 events.
[Mon Dec 14 2020 19:13:40 GMT-0500 (Eastern Standard Time)] [Debug] [WS => Shard 0] [RECONNECT] Discord asked us to reconnect
[Mon Dec 14 2020 19:13:40 GMT-0500 (Eastern Standard Time)] [Debug] [WS => Shard 0] [DESTROY]
    Close Code    : 4000
    Reset         : false
    Emit DESTROYED: true
[Mon Dec 14 2020 19:13:40 GMT-0500 (Eastern Standard Time)] [Debug] [WS => Shard 0] Clearing the heartbeat interval.
[Mon Dec 14 2020 19:13:40 GMT-0500 (Eastern Standard Time)] [Debug] [WS => Shard 0] [CLOSE]
    Event Code: 4000
    Clean     : true
    Reason    : No reason received
[Mon Dec 14 2020 19:13:40 GMT-0500 (Eastern Standard Time)] [Debug] [WS => Shard 0] [CONNECT]
    Gateway    : wss://gateway.discord.gg/
    Version    : 6
    Encoding   : json
    Compression: none
[Mon Dec 14 2020 19:13:40 GMT-0500 (Eastern Standard Time)] [Debug] [WS => Shard 0] Setting a HELLO timeout for 20s.
[Mon Dec 14 2020 19:13:40 GMT-0500 (Eastern Standard Time)] [Debug] [WS => Shard 0] Session ID is present, attempting an immediate reconnect...
[Mon Dec 14 2020 19:13:40 GMT-0500 (Eastern Standard Time)] [Debug] [WS => Shard 0] [CONNECTED] wss://gateway.discord.gg/?v=6&encoding=json in 241ms
[Mon Dec 14 2020 19:13:40 GMT-0500 (Eastern Standard Time)] [Debug] [WS => Shard 0] [RESUME] Session a2ef73e2dc397ceea1dbe550f1f822e0, sequence 187
[Mon Dec 14 2020 19:13:40 GMT-0500 (Eastern Standard Time)] [Debug] [WS => Shard 0] Clearing the HELLO timeout.
[Mon Dec 14 2020 19:13:40 GMT-0500 (Eastern Standard Time)] [Debug] [WS => Shard 0] Setting a heartbeat interval for 41250ms.
[Mon Dec 14 2020 19:13:40 GMT-0500 (Eastern Standard Time)] [Debug] [WS => Shard 0] [RESUMED] Session a2ef73e2dc397ceea1dbe550f1f822e0 | Replayed 1 events.
[Mon Dec 14 2020 21:47:52 GMT-0500 (Eastern Standard Time)] [Debug] [WS => Shard 0] [RECONNECT] Discord asked us to reconnect
[Mon Dec 14 2020 21:47:52 GMT-0500 (Eastern Standard Time)] [Debug] [WS => Shard 0] [DESTROY]
    Close Code    : 4000
    Reset         : false
    Emit DESTROYED: true
[Mon Dec 14 2020 21:47:52 GMT-0500 (Eastern Standard Time)] [Debug] [WS => Shard 0] Clearing the heartbeat interval.
[Mon Dec 14 2020 21:47:52 GMT-0500 (Eastern Standard Time)] [Debug] [WS => Shard 0] [CLOSE]
    Event Code: 4000
    Clean     : true
    Reason    : No reason received
[Mon Dec 14 2020 21:47:52 GMT-0500 (Eastern Standard Time)] [Debug] [WS => Shard 0] [CONNECT]
    Gateway    : wss://gateway.discord.gg/
    Version    : 6
    Encoding   : json
    Compression: none
[Mon Dec 14 2020 21:47:52 GMT-0500 (Eastern Standard Time)] [Debug] [WS => Shard 0] Session ID is present, attempting an immediate reconnect...
[Mon Dec 14 2020 21:47:52 GMT-0500 (Eastern Standard Time)] [Debug] [WS => Shard 0] Setting a HELLO timeout for 20s.
[Mon Dec 14 2020 21:47:53 GMT-0500 (Eastern Standard Time)] [Debug] [WS => Shard 0] Clearing the HELLO timeout.
[Mon Dec 14 2020 21:47:53 GMT-0500 (Eastern Standard Time)] [Debug] [WS => Shard 0] [CONNECTED] wss://gateway.discord.gg/?v=6&encoding=json in 250ms
[Mon Dec 14 2020 21:47:53 GMT-0500 (Eastern Standard Time)] [Debug] [WS => Shard 0] [RESUME] Session a2ef73e2dc397ceea1dbe550f1f822e0, sequence 655
[Mon Dec 14 2020 21:47:53 GMT-0500 (Eastern Standard Time)] [Debug] [WS => Shard 0] Setting a heartbeat interval for 41250ms.
[Mon Dec 14 2020 21:47:53 GMT-0500 (Eastern Standard Time)] [Debug] [WS => Shard 0] [RESUMED] Session a2ef73e2dc397ceea1dbe550f1f822e0 | Replayed 1 events.
[Tue Dec 15 2020 00:31:07 GMT-0500 (Eastern Standard Time)] [Debug] [WS => Shard 0] [DESTROY]
    Close Code    : 4000
    Reset         : false
    Emit DESTROYED: true
[Tue Dec 15 2020 00:31:07 GMT-0500 (Eastern Standard Time)] [Debug] [WS => Shard 0] [RECONNECT] Discord asked us to reconnect
[Tue Dec 15 2020 00:31:07 GMT-0500 (Eastern Standard Time)] [Debug] [WS => Shard 0] Clearing the heartbeat interval.
[Tue Dec 15 2020 00:31:07 GMT-0500 (Eastern Standard Time)] [Debug] [WS => Shard 0] [CLOSE]
    Event Code: 4000
    Clean     : true
    Reason    : No reason received
[Tue Dec 15 2020 00:31:07 GMT-0500 (Eastern Standard Time)] [Debug] [WS => Shard 0] [CONNECT]
    Gateway    : wss://gateway.discord.gg/
    Version    : 6
    Encoding   : json
    Compression: none
[Tue Dec 15 2020 00:31:07 GMT-0500 (Eastern Standard Time)] [Debug] [WS => Shard 0] Session ID is present, attempting an immediate reconnect...
[Tue Dec 15 2020 00:31:07 GMT-0500 (Eastern Standard Time)] [Debug] [WS => Shard 0] Setting a HELLO timeout for 20s.
[Tue Dec 15 2020 00:31:07 GMT-0500 (Eastern Standard Time)] [Debug] [WS => Shard 0] [CONNECTED] wss://gateway.discord.gg/?v=6&encoding=json in 190ms
[Tue Dec 15 2020 00:31:07 GMT-0500 (Eastern Standard Time)] [Debug] [WS => Shard 0] Setting a heartbeat interval for 41250ms.
[Tue Dec 15 2020 00:31:07 GMT-0500 (Eastern Standard Time)] [Debug] [WS => Shard 0] [RESUME] Session a2ef73e2dc397ceea1dbe550f1f822e0, sequence 664
[Tue Dec 15 2020 00:31:07 GMT-0500 (Eastern Standard Time)] [Debug] [WS => Shard 0] Clearing the HELLO timeout.
[Tue Dec 15 2020 00:31:07 GMT-0500 (Eastern Standard Time)] [Debug] [WS => Shard 0] [RESUMED] Session a2ef73e2dc397ceea1dbe550f1f822e0 | Replayed 1 events.
[Tue Dec 15 2020 03:07:03 GMT-0500 (Eastern Standard Time)] [Debug] [WS => Shard 0] [DESTROY]
    Close Code    : 4000
    Reset         : false
    Emit DESTROYED: true
[Tue Dec 15 2020 03:07:03 GMT-0500 (Eastern Standard Time)] [Debug] [WS => Shard 0] [RECONNECT] Discord asked us to reconnect
[Tue Dec 15 2020 03:07:03 GMT-0500 (Eastern Standard Time)] [Debug] [WS => Shard 0] Clearing the heartbeat interval.
[Tue Dec 15 2020 03:07:03 GMT-0500 (Eastern Standard Time)] [Debug] [WS => Shard 0] Session ID is present, attempting an immediate reconnect...
[Tue Dec 15 2020 03:07:03 GMT-0500 (Eastern Standard Time)] [Debug] [WS => Shard 0] [CLOSE]
    Event Code: 4000
    Clean     : true
    Reason    : No reason received
[Tue Dec 15 2020 03:07:03 GMT-0500 (Eastern Standard Time)] [Debug] [WS => Shard 0] [CONNECT]
    Gateway    : wss://gateway.discord.gg/
    Version    : 6
    Encoding   : json
    Compression: none
[Tue Dec 15 2020 03:07:03 GMT-0500 (Eastern Standard Time)] [Debug] [WS => Shard 0] Setting a HELLO timeout for 20s.
[Tue Dec 15 2020 03:07:03 GMT-0500 (Eastern Standard Time)] [Debug] [WS => Shard 0] [CONNECTED] wss://gateway.discord.gg/?v=6&encoding=json in 203ms
[Tue Dec 15 2020 03:07:03 GMT-0500 (Eastern Standard Time)] [Debug] [WS => Shard 0] Setting a heartbeat interval for 41250ms.
[Tue Dec 15 2020 03:07:03 GMT-0500 (Eastern Standard Time)] [Debug] [WS => Shard 0] Clearing the HELLO timeout.
[Tue Dec 15 2020 03:07:03 GMT-0500 (Eastern Standard Time)] [Debug] [WS => Shard 0] [RESUME] Session a2ef73e2dc397ceea1dbe550f1f822e0, sequence 665
[Tue Dec 15 2020 03:07:03 GMT-0500 (Eastern Standard Time)] [Debug] [WS => Shard 0] [RESUMED] Session a2ef73e2dc397ceea1dbe550f1f822e0 | Replayed 1 events.
[Tue Dec 15 2020 04:56:25 GMT-0500 (Eastern Standard Time)] [Debug] [WS => Shard 0] [RECONNECT] Discord asked us to reconnect
[Tue Dec 15 2020 04:56:25 GMT-0500 (Eastern Standard Time)] [Debug] [WS => Shard 0] [DESTROY]
    Close Code    : 4000
    Reset         : false
    Emit DESTROYED: true
[Tue Dec 15 2020 04:56:25 GMT-0500 (Eastern Standard Time)] [Debug] [WS => Shard 0] Clearing the heartbeat interval.
[Tue Dec 15 2020 04:56:25 GMT-0500 (Eastern Standard Time)] [Debug] [WS => Shard 0] [CLOSE]
    Event Code: 4000
    Clean     : true
    Reason    : No reason received
[Tue Dec 15 2020 04:56:25 GMT-0500 (Eastern Standard Time)] [Debug] [WS => Shard 0] [CONNECT]
    Gateway    : wss://gateway.discord.gg/
    Version    : 6
    Encoding   : json
    Compression: none
[Tue Dec 15 2020 04:56:25 GMT-0500 (Eastern Standard Time)] [Debug] [WS => Shard 0] Setting a HELLO timeout for 20s.
[Tue Dec 15 2020 04:56:25 GMT-0500 (Eastern Standard Time)] [Debug] [WS => Shard 0] Session ID is present, attempting an immediate reconnect...
[Tue Dec 15 2020 04:56:25 GMT-0500 (Eastern Standard Time)] [Debug] [WS => Shard 0] [CONNECTED] wss://gateway.discord.gg/?v=6&encoding=json in 190ms
[Tue Dec 15 2020 04:56:25 GMT-0500 (Eastern Standard Time)] [Debug] [WS => Shard 0] [RESUME] Session a2ef73e2dc397ceea1dbe550f1f822e0, sequence 666
[Tue Dec 15 2020 04:56:25 GMT-0500 (Eastern Standard Time)] [Debug] [WS => Shard 0] Setting a heartbeat interval for 41250ms.
[Tue Dec 15 2020 04:56:25 GMT-0500 (Eastern Standard Time)] [Debug] [WS => Shard 0] Clearing the HELLO timeout.
[Tue Dec 15 2020 04:56:25 GMT-0500 (Eastern Standard Time)] [Debug] [WS => Shard 0] [RESUMED] Session a2ef73e2dc397ceea1dbe550f1f822e0 | Replayed 1 events.
[Tue Dec 15 2020 08:15:53 GMT-0500 (Eastern Standard Time)] [Debug] [WS => Shard 0] [RECONNECT] Discord asked us to reconnect
[Tue Dec 15 2020 08:15:53 GMT-0500 (Eastern Standard Time)] [Debug] [WS => Shard 0] [DESTROY]
    Close Code    : 4000
    Reset         : false
    Emit DESTROYED: true
[Tue Dec 15 2020 08:15:53 GMT-0500 (Eastern Standard Time)] [Debug] [WS => Shard 0] Clearing the heartbeat interval.
[Tue Dec 15 2020 08:15:53 GMT-0500 (Eastern Standard Time)] [Debug] [WS => Shard 0] Session ID is present, attempting an immediate reconnect...
[Tue Dec 15 2020 08:15:53 GMT-0500 (Eastern Standard Time)] [Debug] [WS => Shard 0] [CLOSE]
    Event Code: 4000
    Clean     : true
    Reason    : No reason received
[Tue Dec 15 2020 08:15:53 GMT-0500 (Eastern Standard Time)] [Debug] [WS => Shard 0] Setting a HELLO timeout for 20s.
[Tue Dec 15 2020 08:15:53 GMT-0500 (Eastern Standard Time)] [Debug] [WS => Shard 0] [CONNECT]
    Gateway    : wss://gateway.discord.gg/
    Version    : 6
    Encoding   : json
    Compression: none
[Tue Dec 15 2020 08:15:53 GMT-0500 (Eastern Standard Time)] [Debug] [WS => Shard 0] [CONNECTED] wss://gateway.discord.gg/?v=6&encoding=json in 215ms
[Tue Dec 15 2020 08:15:53 GMT-0500 (Eastern Standard Time)] [Debug] [WS => Shard 0] [RESUME] Session a2ef73e2dc397ceea1dbe550f1f822e0, sequence 667
[Tue Dec 15 2020 08:15:53 GMT-0500 (Eastern Standard Time)] [Debug] [WS => Shard 0] Clearing the HELLO timeout.
[Tue Dec 15 2020 08:15:53 GMT-0500 (Eastern Standard Time)] [Debug] [WS => Shard 0] Setting a heartbeat interval for 41250ms.
[Tue Dec 15 2020 08:15:53 GMT-0500 (Eastern Standard Time)] [Debug] [WS => Shard 0] [RESUMED] Session a2ef73e2dc397ceea1dbe550f1f822e0 | Replayed 1 events.
[Tue Dec 15 2020 10:07:02 GMT-0500 (Eastern Standard Time)] [Debug] [WS => Shard 0] [RECONNECT] Discord asked us to reconnect
[Tue Dec 15 2020 10:07:02 GMT-0500 (Eastern Standard Time)] [Debug] [WS => Shard 0] [DESTROY]
    Close Code    : 4000
    Reset         : false
    Emit DESTROYED: true
[Tue Dec 15 2020 10:07:02 GMT-0500 (Eastern Standard Time)] [Debug] [WS => Shard 0] Clearing the heartbeat interval.
[Tue Dec 15 2020 10:07:02 GMT-0500 (Eastern Standard Time)] [Debug] [WS => Shard 0] Session ID is present, attempting an immediate reconnect...
[Tue Dec 15 2020 10:07:02 GMT-0500 (Eastern Standard Time)] [Debug] [WS => Shard 0] [CLOSE]
    Event Code: 4000
    Clean     : true
    Reason    : No reason received
[Tue Dec 15 2020 10:07:02 GMT-0500 (Eastern Standard Time)] [Debug] [WS => Shard 0] [CONNECT]
    Gateway    : wss://gateway.discord.gg/
    Version    : 6
    Encoding   : json
    Compression: none
[Tue Dec 15 2020 10:07:02 GMT-0500 (Eastern Standard Time)] [Debug] [WS => Shard 0] Setting a HELLO timeout for 20s.
[Tue Dec 15 2020 10:07:02 GMT-0500 (Eastern Standard Time)] [Debug] [WS => Shard 0] Clearing the HELLO timeout.
[Tue Dec 15 2020 10:07:02 GMT-0500 (Eastern Standard Time)] [Debug] [WS => Shard 0] [CONNECTED] wss://gateway.discord.gg/?v=6&encoding=json in 231ms
[Tue Dec 15 2020 10:07:02 GMT-0500 (Eastern Standard Time)] [Debug] [WS => Shard 0] Setting a heartbeat interval for 41250ms.
[Tue Dec 15 2020 10:07:02 GMT-0500 (Eastern Standard Time)] [Debug] [WS => Shard 0] [RESUME] Session a2ef73e2dc397ceea1dbe550f1f822e0, sequence 1409
[Tue Dec 15 2020 10:07:03 GMT-0500 (Eastern Standard Time)] [Debug] [WS => Shard 0] [RESUMED] Session a2ef73e2dc397ceea1dbe550f1f822e0 | Replayed 1 events.
[Tue Dec 15 2020 13:47:34 GMT-0500 (Eastern Standard Time)] [Debug] [WS => Shard 0] [DESTROY]
    Close Code    : 4000
    Reset         : false
    Emit DESTROYED: true
[Tue Dec 15 2020 13:47:34 GMT-0500 (Eastern Standard Time)] [Debug] [WS => Shard 0] [RECONNECT] Discord asked us to reconnect
[Tue Dec 15 2020 13:47:34 GMT-0500 (Eastern Standard Time)] [Debug] [WS => Shard 0] Clearing the heartbeat interval.
[Tue Dec 15 2020 13:47:34 GMT-0500 (Eastern Standard Time)] [Debug] [WS => Shard 0] [CLOSE]
    Event Code: 4000
    Clean     : true
    Reason    : No reason received
[Tue Dec 15 2020 13:47:34 GMT-0500 (Eastern Standard Time)] [Debug] [WS => Shard 0] [CONNECT]
    Gateway    : wss://gateway.discord.gg/
    Version    : 6
    Encoding   : json
    Compression: none
[Tue Dec 15 2020 13:47:34 GMT-0500 (Eastern Standard Time)] [Debug] [WS => Shard 0] Session ID is present, attempting an immediate reconnect...
[Tue Dec 15 2020 13:47:34 GMT-0500 (Eastern Standard Time)] [Debug] [WS => Shard 0] Setting a HELLO timeout for 20s.
[Tue Dec 15 2020 13:47:35 GMT-0500 (Eastern Standard Time)] [Debug] [WS => Shard 0] Clearing the HELLO timeout.
[Tue Dec 15 2020 13:47:35 GMT-0500 (Eastern Standard Time)] [Debug] [WS => Shard 0] Setting a heartbeat interval for 41250ms.
[Tue Dec 15 2020 13:47:35 GMT-0500 (Eastern Standard Time)] [Debug] [WS => Shard 0] [CONNECTED] wss://gateway.discord.gg/?v=6&encoding=json in 790ms
[Tue Dec 15 2020 13:47:35 GMT-0500 (Eastern Standard Time)] [Debug] [WS => Shard 0] [RESUME] Session a2ef73e2dc397ceea1dbe550f1f822e0, sequence 2268
[Tue Dec 15 2020 13:47:36 GMT-0500 (Eastern Standard Time)] [Debug] [WS => Shard 0] [RESUMED] Session a2ef73e2dc397ceea1dbe550f1f822e0 | Replayed 1 events.
[Tue Dec 15 2020 15:53:20 GMT-0500 (Eastern Standard Time)] [Debug] [WS => Shard 0] [DESTROY]
    Close Code    : 4000
    Reset         : false
    Emit DESTROYED: true
[Tue Dec 15 2020 15:53:20 GMT-0500 (Eastern Standard Time)] [Debug] [WS => Shard 0] Clearing the heartbeat interval.
[Tue Dec 15 2020 15:53:20 GMT-0500 (Eastern Standard Time)] [Debug] [WS => Shard 0] [RECONNECT] Discord asked us to reconnect
[Tue Dec 15 2020 15:53:20 GMT-0500 (Eastern Standard Time)] [Debug] [WS => Shard 0] [CLOSE]
    Event Code: 4000
    Clean     : true
    Reason    : No reason received
[Tue Dec 15 2020 15:53:20 GMT-0500 (Eastern Standard Time)] [Debug] [WS => Shard 0] Session ID is present, attempting an immediate reconnect...
[Tue Dec 15 2020 15:53:20 GMT-0500 (Eastern Standard Time)] [Debug] [WS => Shard 0] [CONNECT]
    Gateway    : wss://gateway.discord.gg/
    Version    : 6
    Encoding   : json
    Compression: none
[Tue Dec 15 2020 15:53:20 GMT-0500 (Eastern Standard Time)] [Debug] [WS => Shard 0] Setting a HELLO timeout for 20s.
[Tue Dec 15 2020 15:53:20 GMT-0500 (Eastern Standard Time)] [Debug] [WS => Shard 0] Clearing the HELLO timeout.
[Tue Dec 15 2020 15:53:20 GMT-0500 (Eastern Standard Time)] [Debug] [WS => Shard 0] [CONNECTED] wss://gateway.discord.gg/?v=6&encoding=json in 224ms
[Tue Dec 15 2020 15:53:20 GMT-0500 (Eastern Standard Time)] [Debug] [WS => Shard 0] Setting a heartbeat interval for 41250ms.
[Tue Dec 15 2020 15:53:20 GMT-0500 (Eastern Standard Time)] [Debug] [WS => Shard 0] [RESUME] Session a2ef73e2dc397ceea1dbe550f1f822e0, sequence 2348
[Tue Dec 15 2020 15:53:20 GMT-0500 (Eastern Standard Time)] [Debug] [WS => Shard 0] [RESUMED] Session a2ef73e2dc397ceea1dbe550f1f822e0 | Replayed 1 events.
[Tue Dec 15 2020 16:30:12 GMT-0500 (Eastern Standard Time)] [Debug] [WS => Shard 0] [RECONNECT] Discord asked us to reconnect
[Tue Dec 15 2020 16:30:12 GMT-0500 (Eastern Standard Time)] [Debug] [WS => Shard 0] Clearing the heartbeat interval.
[Tue Dec 15 2020 16:30:12 GMT-0500 (Eastern Standard Time)] [Debug] [WS => Shard 0] [DESTROY]
    Close Code    : 4000
    Reset         : false
    Emit DESTROYED: true
[Tue Dec 15 2020 16:30:12 GMT-0500 (Eastern Standard Time)] [Debug] [WS => Shard 0] [CONNECT]
    Gateway    : wss://gateway.discord.gg/
    Version    : 6
    Encoding   : json
    Compression: none
[Tue Dec 15 2020 16:30:12 GMT-0500 (Eastern Standard Time)] [Debug] [WS => Shard 0] Setting a HELLO timeout for 20s.
[Tue Dec 15 2020 16:30:12 GMT-0500 (Eastern Standard Time)] [Debug] [WS => Shard 0] [CLOSE]
    Event Code: 4000
    Clean     : true
    Reason    : No reason received
[Tue Dec 15 2020 16:30:12 GMT-0500 (Eastern Standard Time)] [Debug] [WS => Shard 0] Session ID is present, attempting an immediate reconnect...
[Tue Dec 15 2020 16:30:12 GMT-0500 (Eastern Standard Time)] [Debug] [WS => Shard 0] [CONNECTED] wss://gateway.discord.gg/?v=6&encoding=json in 251ms
[Tue Dec 15 2020 16:30:12 GMT-0500 (Eastern Standard Time)] [Debug] [WS => Shard 0] Setting a heartbeat interval for 41250ms.
[Tue Dec 15 2020 16:30:12 GMT-0500 (Eastern Standard Time)] [Debug] [WS => Shard 0] [RESUME] Session a2ef73e2dc397ceea1dbe550f1f822e0, sequence 2358
[Tue Dec 15 2020 16:30:12 GMT-0500 (Eastern Standard Time)] [Debug] [WS => Shard 0] Clearing the HELLO timeout.
[Tue Dec 15 2020 16:30:13 GMT-0500 (Eastern Standard Time)] [Debug] [WS => Shard 0] [RESUMED] Session a2ef73e2dc397ceea1dbe550f1f822e0 | Replayed 1 events.
[Tue Dec 15 2020 17:47:06 GMT-0500 (Eastern Standard Time)] [Debug] [WS => Shard 0] [RECONNECT] Discord asked us to reconnect
[Tue Dec 15 2020 17:47:06 GMT-0500 (Eastern Standard Time)] [Debug] [WS => Shard 0] [DESTROY]
    Close Code    : 4000
    Reset         : false
    Emit DESTROYED: true
[Tue Dec 15 2020 17:47:06 GMT-0500 (Eastern Standard Time)] [Debug] [WS => Shard 0] Clearing the heartbeat interval.
[Tue Dec 15 2020 17:47:06 GMT-0500 (Eastern Standard Time)] [Debug] [WS => Shard 0] Session ID is present, attempting an immediate reconnect...
[Tue Dec 15 2020 17:47:06 GMT-0500 (Eastern Standard Time)] [Debug] [WS => Shard 0] [CONNECT]
    Gateway    : wss://gateway.discord.gg/
    Version    : 6
    Encoding   : json
    Compression: none
[Tue Dec 15 2020 17:47:06 GMT-0500 (Eastern Standard Time)] [Debug] [WS => Shard 0] [CLOSE]
    Event Code: 4000
    Clean     : true
    Reason    : No reason received
[Tue Dec 15 2020 17:47:06 GMT-0500 (Eastern Standard Time)] [Debug] [WS => Shard 0] Setting a HELLO timeout for 20s.
[Tue Dec 15 2020 17:47:06 GMT-0500 (Eastern Standard Time)] [Debug] [WS => Shard 0] [CONNECTED] wss://gateway.discord.gg/?v=6&encoding=json in 223ms
[Tue Dec 15 2020 17:47:06 GMT-0500 (Eastern Standard Time)] [Debug] [WS => Shard 0] Clearing the HELLO timeout.
[Tue Dec 15 2020 17:47:06 GMT-0500 (Eastern Standard Time)] [Debug] [WS => Shard 0] Setting a heartbeat interval for 41250ms.
[Tue Dec 15 2020 17:47:06 GMT-0500 (Eastern Standard Time)] [Debug] [WS => Shard 0] [RESUME] Session a2ef73e2dc397ceea1dbe550f1f822e0, sequence 2371
[Tue Dec 15 2020 17:47:06 GMT-0500 (Eastern Standard Time)] [Debug] [WS => Shard 0] [RESUMED] Session a2ef73e2dc397ceea1dbe550f1f822e0 | Replayed 1 events.
[Tue Dec 15 2020 18:32:34 GMT-0500 (Eastern Standard Time)] [Debug] [WS => Shard 0] [RECONNECT] Discord asked us to reconnect
[Tue Dec 15 2020 18:32:34 GMT-0500 (Eastern Standard Time)] [Debug] [WS => Shard 0] Clearing the heartbeat interval.
[Tue Dec 15 2020 18:32:34 GMT-0500 (Eastern Standard Time)] [Debug] [WS => Shard 0] [DESTROY]
    Close Code    : 4000
    Reset         : false
    Emit DESTROYED: true
[Tue Dec 15 2020 18:32:34 GMT-0500 (Eastern Standard Time)] [Debug] [WS => Shard 0] [CLOSE]
    Event Code: 4000
    Clean     : true
    Reason    : No reason received
[Tue Dec 15 2020 18:32:34 GMT-0500 (Eastern Standard Time)] [Debug] [WS => Shard 0] [CONNECT]
    Gateway    : wss://gateway.discord.gg/
    Version    : 6
    Encoding   : json
    Compression: none
[Tue Dec 15 2020 18:32:34 GMT-0500 (Eastern Standard Time)] [Debug] [WS => Shard 0] Session ID is present, attempting an immediate reconnect...
[Tue Dec 15 2020 18:32:34 GMT-0500 (Eastern Standard Time)] [Debug] [WS => Shard 0] Setting a HELLO timeout for 20s.
[Tue Dec 15 2020 18:32:35 GMT-0500 (Eastern Standard Time)] [Debug] [WS => Shard 0] [CONNECTED] wss://gateway.discord.gg/?v=6&encoding=json in 224ms
[Tue Dec 15 2020 18:32:35 GMT-0500 (Eastern Standard Time)] [Debug] [WS => Shard 0] [RESUME] Session a2ef73e2dc397ceea1dbe550f1f822e0, sequence 2387
[Tue Dec 15 2020 18:32:35 GMT-0500 (Eastern Standard Time)] [Debug] [WS => Shard 0] Clearing the HELLO timeout.
[Tue Dec 15 2020 18:32:35 GMT-0500 (Eastern Standard Time)] [Debug] [WS => Shard 0] Setting a heartbeat interval for 41250ms.
[Tue Dec 15 2020 18:32:35 GMT-0500 (Eastern Standard Time)] [Debug] [WS => Shard 0] [RESUMED] Session a2ef73e2dc397ceea1dbe550f1f822e0 | Replayed 1 events.
[Tue Dec 15 2020 19:11:36 GMT-0500 (Eastern Standard Time)] [Debug] [WS => Shard 0] [RECONNECT] Discord asked us to reconnect
[Tue Dec 15 2020 19:11:36 GMT-0500 (Eastern Standard Time)] [Debug] [WS => Shard 0] Clearing the heartbeat interval.
[Tue Dec 15 2020 19:11:36 GMT-0500 (Eastern Standard Time)] [Debug] [WS => Shard 0] [DESTROY]
    Close Code    : 4000
    Reset         : false
    Emit DESTROYED: true
[Tue Dec 15 2020 19:11:46 GMT-0500 (Eastern Standard Time)] [Debug] [WS => Shard 0] [CONNECT]
    Gateway    : wss://gateway.discord.gg/
    Version    : 6
    Encoding   : json
    Compression: none
[Tue Dec 15 2020 19:11:46 GMT-0500 (Eastern Standard Time)] [Debug] [WS => Shard 0] [CLOSE]
    Event Code: 1001
    Clean     : true
    Reason    : Discord WebSocket requesting client reconnect.
[Tue Dec 15 2020 19:11:46 GMT-0500 (Eastern Standard Time)] [Debug] [WS => Shard 0] Session ID is present, attempting an immediate reconnect...
[Tue Dec 15 2020 19:11:46 GMT-0500 (Eastern Standard Time)] [Debug] [WS => Shard 0] Setting a HELLO timeout for 20s.
[Tue Dec 15 2020 19:12:06 GMT-0500 (Eastern Standard Time)] [Debug] [WS => Shard 0] [CLOSE]
    Event Code: 1006
    Clean     : false
    Reason    : No reason received
[Tue Dec 15 2020 19:12:06 GMT-0500 (Eastern Standard Time)] [Debug] [WS => Shard 0] Session ID is present, attempting an immediate reconnect...
[Tue Dec 15 2020 19:12:06 GMT-0500 (Eastern Standard Time)] [Debug] [WS => Shard 0] Failed to connect to the gateway, requeueing...
[Tue Dec 15 2020 19:12:06 GMT-0500 (Eastern Standard Time)] [Debug] [WS => Shard 0] Clearing the HELLO timeout.
[Tue Dec 15 2020 19:12:06 GMT-0500 (Eastern Standard Time)] [Debug] [WS => Manager] Shard Queue Size: 1; continuing in 5 seconds...
[Tue Dec 15 2020 19:12:19 GMT-0500 (Eastern Standard Time)] [Debug] [WS => Manager] Session Limit Information
    Total: 1000
    Remaining: 1000
[Tue Dec 15 2020 19:12:19 GMT-0500 (Eastern Standard Time)] [Debug] [WS => Shard 0] A connection object was found. Cleaning up before continuing.
    State: CLOSED
[Tue Dec 15 2020 19:12:19 GMT-0500 (Eastern Standard Time)] [Debug] [WS => Shard 0] WS State: CLOSED
[Tue Dec 15 2020 19:12:19 GMT-0500 (Eastern Standard Time)] [Debug] [WS => Shard 0] [DESTROY]
    Close Code    : 1000
    Reset         : false
    Emit DESTROYED: false
[Tue Dec 15 2020 19:12:19 GMT-0500 (Eastern Standard Time)] [Debug] [WS => Shard 0] [CONNECT]
    Gateway    : wss://gateway.discord.gg/
    Version    : 6
    Encoding   : json
    Compression: none
[Tue Dec 15 2020 19:12:19 GMT-0500 (Eastern Standard Time)] [Debug] [WS => Shard 0] Setting a HELLO timeout for 20s.
[Tue Dec 15 2020 19:12:26 GMT-0500 (Eastern Standard Time)] [Debug] [WS => Shard 0] [CONNECTED] wss://gateway.discord.gg/?v=6&encoding=json in 6387ms
[Tue Dec 15 2020 19:12:26 GMT-0500 (Eastern Standard Time)] [Debug] [WS => Shard 0] Clearing the HELLO timeout.
[Tue Dec 15 2020 19:12:26 GMT-0500 (Eastern Standard Time)] [Debug] [WS => Shard 0] Setting a heartbeat interval for 41250ms.
[Tue Dec 15 2020 19:12:26 GMT-0500 (Eastern Standard Time)] [Debug] [WS => Shard 0] [RESUME] Session a2ef73e2dc397ceea1dbe550f1f822e0, sequence 2407
[Tue Dec 15 2020 19:12:27 GMT-0500 (Eastern Standard Time)] [Debug] [WS => Shard 0] [RESUMED] Session a2ef73e2dc397ceea1dbe550f1f822e0 | Replayed 1 events.
[Tue Dec 15 2020 19:25:02 GMT-0500 (Eastern Standard Time)] [Debug] [WS => Shard 0] Clearing the heartbeat interval.
[Tue Dec 15 2020 19:25:02 GMT-0500 (Eastern Standard Time)] [Debug] [WS => Shard 0] [CLOSE]
    Event Code: 1000
    Clean     : true
    Reason    : No reason received
[Tue Dec 15 2020 19:25:02 GMT-0500 (Eastern Standard Time)] [Debug] [WS => Shard 0] WS State: CLOSED
[Tue Dec 15 2020 19:25:03 GMT-0500 (Eastern Standard Time)] [Debug] [WS => Manager] Couldn't reconnect or fetch information about the gateway. FetchError: request to https://discord.com/api/v7/gateway/bot failed, reason: getaddrinfo ENOTFOUND discord.com
[Tue Dec 15 2020 19:25:03 GMT-0500 (Eastern Standard Time)] [Debug] [WS => Manager] Possible network error occurred. Retrying in 5s...
[Tue Dec 15 2020 19:25:08 GMT-0500 (Eastern Standard Time)] [Debug] [WS => Manager] Possible network error occurred. Retrying in 5s...
[Tue Dec 15 2020 19:25:08 GMT-0500 (Eastern Standard Time)] [Debug] [WS => Manager] Couldn't reconnect or fetch information about the gateway. FetchError: request to https://discord.com/api/v7/gateway/bot failed, reason: getaddrinfo ENOTFOUND discord.com
[Tue Dec 15 2020 19:25:13 GMT-0500 (Eastern Standard Time)] [Debug] [WS => Manager] Couldn't reconnect or fetch information about the gateway. FetchError: request to https://discord.com/api/v7/gateway/bot failed, reason: getaddrinfo ENOTFOUND discord.com
[Tue Dec 15 2020 19:25:13 GMT-0500 (Eastern Standard Time)] [Debug] [WS => Manager] Possible network error occurred. Retrying in 5s...
[Tue Dec 15 2020 19:25:23 GMT-0500 (Eastern Standard Time)] [Debug] [WS => Manager] Possible network error occurred. Retrying in 5s...
[Tue Dec 15 2020 19:25:23 GMT-0500 (Eastern Standard Time)] [Debug] [WS => Manager] Couldn't reconnect or fetch information about the gateway. FetchError: request to https://discord.com/api/v7/gateway/bot failed, reason: getaddrinfo ENOTFOUND discord.com
[Tue Dec 15 2020 19:25:58 GMT-0500 (Eastern Standard Time)] [Debug] [WS => Manager] Possible network error occurred. Retrying in 5s...
[Tue Dec 15 2020 19:25:58 GMT-0500 (Eastern Standard Time)] [Debug] [WS => Manager] Couldn't reconnect or fetch information about the gateway. AbortError: The user aborted a request.
[Tue Dec 15 2020 19:26:26 GMT-0500 (Eastern Standard Time)] [Debug] [WS => Manager] Session Limit Information
    Total: 1000
    Remaining: 1000
[Tue Dec 15 2020 19:26:26 GMT-0500 (Eastern Standard Time)] [Debug] [WS => Shard 0] [CONNECT]
    Gateway    : wss://gateway.discord.gg/
    Version    : 6
    Encoding   : json
    Compression: none
[Tue Dec 15 2020 19:26:26 GMT-0500 (Eastern Standard Time)] [Debug] [WS => Shard 0] Setting a HELLO timeout for 20s.
[Tue Dec 15 2020 19:26:27 GMT-0500 (Eastern Standard Time)] [Debug] [WS => Shard 0] Clearing the HELLO timeout.
[Tue Dec 15 2020 19:26:27 GMT-0500 (Eastern Standard Time)] [Debug] [WS => Shard 0] [CONNECTED] wss://gateway.discord.gg/?v=6&encoding=json in 369ms
[Tue Dec 15 2020 19:26:27 GMT-0500 (Eastern Standard Time)] [Debug] [WS => Shard 0] Setting a heartbeat interval for 41250ms.
[Tue Dec 15 2020 19:26:27 GMT-0500 (Eastern Standard Time)] [Debug] [WS => Shard 0] [IDENTIFY] Shard 0/1
[Tue Dec 15 2020 19:26:27 GMT-0500 (Eastern Standard Time)] [Debug] [WS => Shard 0] [READY] Session c85a696176b9fa3277e28333212b564d.
[Tue Dec 15 2020 19:26:32 GMT-0500 (Eastern Standard Time)] [Debug] [WS => Shard 0] Shard received all its guilds. Marking as fully ready.
[Tue Dec 15 2020 19:32:52 GMT-0500 (Eastern Standard Time)] [Debug] [WS => Shard 0] Clearing the heartbeat interval.
[Tue Dec 15 2020 19:32:52 GMT-0500 (Eastern Standard Time)] [Debug] [WS => Shard 0] [CLOSE]
    Event Code: 1000
    Clean     : true
    Reason    : No reason received
[Tue Dec 15 2020 19:32:52 GMT-0500 (Eastern Standard Time)] [Debug] [WS => Shard 0] WS State: CLOSED
[Tue Dec 15 2020 19:33:21 GMT-0500 (Eastern Standard Time)] [Debug] [WS => Manager] Couldn't reconnect or fetch information about the gateway. AbortError: The user aborted a request.
[Tue Dec 15 2020 19:33:21 GMT-0500 (Eastern Standard Time)] [Debug] [WS => Manager] Possible network error occurred. Retrying in 5s...
[Tue Dec 15 2020 19:33:56 GMT-0500 (Eastern Standard Time)] [Debug] [WS => Manager] Couldn't reconnect or fetch information about the gateway. AbortError: The user aborted a request.
[Tue Dec 15 2020 19:33:56 GMT-0500 (Eastern Standard Time)] [Debug] [WS => Manager] Possible network error occurred. Retrying in 5s...
[Tue Dec 15 2020 19:34:14 GMT-0500 (Eastern Standard Time)] [Debug] [WS => Shard 0] [CONNECT]
    Gateway    : wss://gateway.discord.gg/
    Version    : 6
    Encoding   : json
    Compression: none
[Tue Dec 15 2020 19:34:14 GMT-0500 (Eastern Standard Time)] [Debug] [WS => Manager] Session Limit Information
    Total: 1000
    Remaining: 999
[Tue Dec 15 2020 19:34:14 GMT-0500 (Eastern Standard Time)] [Debug] [WS => Shard 0] Setting a HELLO timeout for 20s.
[Tue Dec 15 2020 19:34:34 GMT-0500 (Eastern Standard Time)] [Debug] [WS => Shard 0] [DESTROY]
    Close Code    : 4009
    Reset         : true
    Emit DESTROYED: true
[Tue Dec 15 2020 19:34:34 GMT-0500 (Eastern Standard Time)] [Debug] [WS => Shard 0] Did not receive HELLO in time. Destroying and connecting again.
[Tue Dec 15 2020 19:34:34 GMT-0500 (Eastern Standard Time)] [Debug] [WS => Shard 0] Clearing the HELLO timeout.
[Tue Dec 15 2020 19:34:34 GMT-0500 (Eastern Standard Time)] [Debug] [WS => Shard 0] WS State: CONNECTING
[Tue Dec 15 2020 19:34:34 GMT-0500 (Eastern Standard Time)] [Debug] [WS => Shard 0] Failed to connect to the gateway, requeueing...
[Tue Dec 15 2020 19:34:34 GMT-0500 (Eastern Standard Time)] [Debug] [WS => Shard 0] Shard was destroyed but no WebSocket connection was present! Reconnecting...
[Tue Dec 15 2020 19:34:34 GMT-0500 (Eastern Standard Time)] [Debug] [WS => Manager] Shard Queue Size: 1; continuing in 5 seconds...
[Tue Dec 15 2020 19:35:04 GMT-0500 (Eastern Standard Time)] [Debug] [WS => Manager] Couldn't reconnect or fetch information about the gateway. AbortError: The user aborted a request.
[Tue Dec 15 2020 19:35:04 GMT-0500 (Eastern Standard Time)] [Debug] [WS => Manager] Possible network error occurred. Retrying in 5s...
[Tue Dec 15 2020 19:35:34 GMT-0500 (Eastern Standard Time)] [Debug] [WS => Manager] Couldn't reconnect or fetch information about the gateway. AbortError: The user aborted a request.
[Tue Dec 15 2020 19:35:34 GMT-0500 (Eastern Standard Time)] [Debug] [WS => Manager] Possible network error occurred. Retrying in 5s...
[Tue Dec 15 2020 19:36:00 GMT-0500 (Eastern Standard Time)] [Debug] [WS => Manager] Session Limit Information
    Total: 1000
    Remaining: 999
[Tue Dec 15 2020 19:36:00 GMT-0500 (Eastern Standard Time)] [Debug] [WS => Shard 0] [CONNECT]
    Gateway    : wss://gateway.discord.gg/
    Version    : 6
    Encoding   : json
    Compression: none
[Tue Dec 15 2020 19:36:00 GMT-0500 (Eastern Standard Time)] [Debug] [WS => Shard 0] Setting a HELLO timeout for 20s.
[Tue Dec 15 2020 19:36:04 GMT-0500 (Eastern Standard Time)] [Debug] [WS => Manager] Session Limit Information
    Total: 1000
    Remaining: 999
[Tue Dec 15 2020 19:36:04 GMT-0500 (Eastern Standard Time)] [Debug] [WS => Shard 0] Clearing the HELLO timeout.
[Tue Dec 15 2020 19:36:04 GMT-0500 (Eastern Standard Time)] [Debug] [WS => Shard 0] Setting a heartbeat interval for 41250ms.
[Tue Dec 15 2020 19:36:04 GMT-0500 (Eastern Standard Time)] [Debug] [WS => Shard 0] [IDENTIFY] Shard 0/1
[Tue Dec 15 2020 19:36:04 GMT-0500 (Eastern Standard Time)] [Debug] [WS => Shard 0] [CONNECTED] wss://gateway.discord.gg/?v=6&encoding=json in 4417ms
[Tue Dec 15 2020 19:36:05 GMT-0500 (Eastern Standard Time)] [Debug] [WS => Shard 0] [READY] Session fc8e947b1ca19e5c380637c28ab71696.
[Tue Dec 15 2020 19:36:08 GMT-0500 (Eastern Standard Time)] [Debug] [WS => Shard 0] Shard received all its guilds. Marking as fully ready.
[Tue Dec 15 2020 19:40:26 GMT-0500 (Eastern Standard Time)] [Debug] [WS => Shard 0] [CLOSE]
    Event Code: 1000
    Clean     : true
    Reason    : No reason received
[Tue Dec 15 2020 19:40:26 GMT-0500 (Eastern Standard Time)] [Debug] [WS => Shard 0] Clearing the heartbeat interval.
[Tue Dec 15 2020 19:40:26 GMT-0500 (Eastern Standard Time)] [Debug] [WS => Shard 0] WS State: CLOSED
[Tue Dec 15 2020 19:40:37 GMT-0500 (Eastern Standard Time)] [Debug] [WS => Manager] Couldn't reconnect or fetch information about the gateway. FetchError: request to https://discord.com/api/v7/gateway/bot failed, reason: getaddrinfo ENOTFOUND discord.com
[Tue Dec 15 2020 19:40:37 GMT-0500 (Eastern Standard Time)] [Debug] [WS => Manager] Possible network error occurred. Retrying in 5s...
[Tue Dec 15 2020 19:40:42 GMT-0500 (Eastern Standard Time)] [Debug] [WS => Manager] Couldn't reconnect or fetch information about the gateway. FetchError: request to https://discord.com/api/v7/gateway/bot failed, reason: getaddrinfo ENOTFOUND discord.com
[Tue Dec 15 2020 19:40:42 GMT-0500 (Eastern Standard Time)] [Debug] [WS => Manager] Possible network error occurred. Retrying in 5s...
[Tue Dec 15 2020 19:41:17 GMT-0500 (Eastern Standard Time)] [Debug] [WS => Manager] Couldn't reconnect or fetch information about the gateway. AbortError: The user aborted a request.
[Tue Dec 15 2020 19:41:17 GMT-0500 (Eastern Standard Time)] [Debug] [WS => Manager] Possible network error occurred. Retrying in 5s...
[Tue Dec 15 2020 19:41:52 GMT-0500 (Eastern Standard Time)] [Debug] [WS => Manager] Couldn't reconnect or fetch information about the gateway. AbortError: The user aborted a request.
[Tue Dec 15 2020 19:41:52 GMT-0500 (Eastern Standard Time)] [Debug] [WS => Manager] Possible network error occurred. Retrying in 5s...
[Tue Dec 15 2020 19:42:27 GMT-0500 (Eastern Standard Time)] [Debug] [WS => Manager] Couldn't reconnect or fetch information about the gateway. AbortError: The user aborted a request.
[Tue Dec 15 2020 19:42:27 GMT-0500 (Eastern Standard Time)] [Debug] [WS => Manager] Possible network error occurred. Retrying in 5s...
[Tue Dec 15 2020 19:43:02 GMT-0500 (Eastern Standard Time)] [Debug] [WS => Manager] Couldn't reconnect or fetch information about the gateway. AbortError: The user aborted a request.
[Tue Dec 15 2020 19:43:02 GMT-0500 (Eastern Standard Time)] [Debug] [WS => Manager] Possible network error occurred. Retrying in 5s...
[Tue Dec 15 2020 19:43:07 GMT-0500 (Eastern Standard Time)] [Debug] [WS => Manager] Couldn't reconnect or fetch information about the gateway. FetchError: request to https://discord.com/api/v7/gateway/bot failed, reason: getaddrinfo ENOTFOUND discord.com
[Tue Dec 15 2020 19:43:07 GMT-0500 (Eastern Standard Time)] [Debug] [WS => Manager] Possible network error occurred. Retrying in 5s...
[Tue Dec 15 2020 19:43:18 GMT-0500 (Eastern Standard Time)] [Debug] [WS => Manager] Couldn't reconnect or fetch information about the gateway. FetchError: request to https://discord.com/api/v7/gateway/bot failed, reason: getaddrinfo ENOTFOUND discord.com
[Tue Dec 15 2020 19:43:18 GMT-0500 (Eastern Standard Time)] [Debug] [WS => Manager] Possible network error occurred. Retrying in 5s...
[Tue Dec 15 2020 19:43:30 GMT-0500 (Eastern Standard Time)] [Debug] [WS => Manager] Couldn't reconnect or fetch information about the gateway. FetchError: request to https://discord.com/api/v7/gateway/bot failed, reason: getaddrinfo ENOTFOUND discord.com
[Tue Dec 15 2020 19:43:30 GMT-0500 (Eastern Standard Time)] [Debug] [WS => Manager] Possible network error occurred. Retrying in 5s...
[Tue Dec 15 2020 19:43:41 GMT-0500 (Eastern Standard Time)] [Debug] [WS => Manager] Couldn't reconnect or fetch information about the gateway. FetchError: request to https://discord.com/api/v7/gateway/bot failed, reason: getaddrinfo ENOTFOUND discord.com
[Tue Dec 15 2020 19:43:41 GMT-0500 (Eastern Standard Time)] [Debug] [WS => Manager] Possible network error occurred. Retrying in 5s...
[Tue Dec 15 2020 19:43:46 GMT-0500 (Eastern Standard Time)] [Debug] [WS => Manager] Couldn't reconnect or fetch information about the gateway. FetchError: request to https://discord.com/api/v7/gateway/bot failed, reason: getaddrinfo ENOTFOUND discord.com
[Tue Dec 15 2020 19:43:46 GMT-0500 (Eastern Standard Time)] [Debug] [WS => Manager] Possible network error occurred. Retrying in 5s...
[Tue Dec 15 2020 19:43:51 GMT-0500 (Eastern Standard Time)] [Debug] [WS => Manager] Couldn't reconnect or fetch information about the gateway. FetchError: request to https://discord.com/api/v7/gateway/bot failed, reason: getaddrinfo ENOTFOUND discord.com
[Tue Dec 15 2020 19:43:51 GMT-0500 (Eastern Standard Time)] [Debug] [WS => Manager] Possible network error occurred. Retrying in 5s...
[Tue Dec 15 2020 19:43:58 GMT-0500 (Eastern Standard Time)] [Debug] [WS => Manager] Session Limit Information
    Total: 1000
    Remaining: 998
[Tue Dec 15 2020 19:43:58 GMT-0500 (Eastern Standard Time)] [Debug] [WS => Shard 0] [CONNECT]
    Gateway    : wss://gateway.discord.gg/
    Version    : 6
    Encoding   : json
    Compression: none
[Tue Dec 15 2020 19:43:58 GMT-0500 (Eastern Standard Time)] [Debug] [WS => Shard 0] Setting a HELLO timeout for 20s.
[Tue Dec 15 2020 19:44:02 GMT-0500 (Eastern Standard Time)] [Debug] [WS => Shard 0] [CLOSE]
    Event Code: 1006
    Clean     : false
    Reason    : No reason received
[Tue Dec 15 2020 19:44:02 GMT-0500 (Eastern Standard Time)] [Debug] [WS => Shard 0] WS State: CLOSED
[Tue Dec 15 2020 19:44:02 GMT-0500 (Eastern Standard Time)] [Debug] [WS => Shard 0] Clearing the HELLO timeout.
[Tue Dec 15 2020 19:44:02 GMT-0500 (Eastern Standard Time)] [Debug] [WS => Manager] Shard Queue Size: 1; continuing in 5 seconds...
[Tue Dec 15 2020 19:44:02 GMT-0500 (Eastern Standard Time)] [Debug] [WS => Shard 0] Failed to connect to the gateway, requeueing...
[Tue Dec 15 2020 19:44:03 GMT-0500 (Eastern Standard Time)] [Debug] [WS => Shard 0] [CONNECT]
    Gateway    : wss://gateway.discord.gg/
    Version    : 6
    Encoding   : json
    Compression: none
[Tue Dec 15 2020 19:44:03 GMT-0500 (Eastern Standard Time)] [Debug] [WS => Manager] Session Limit Information
    Total: 1000
    Remaining: 998
[Tue Dec 15 2020 19:44:03 GMT-0500 (Eastern Standard Time)] [Debug] [WS => Shard 0] Setting a HELLO timeout for 20s.
[Tue Dec 15 2020 19:44:04 GMT-0500 (Eastern Standard Time)] [Debug] [WS => Shard 0] [CONNECTED] wss://gateway.discord.gg/?v=6&encoding=json in 1581ms
[Tue Dec 15 2020 19:44:04 GMT-0500 (Eastern Standard Time)] [Debug] [WS => Shard 0] Clearing the HELLO timeout.
[Tue Dec 15 2020 19:44:04 GMT-0500 (Eastern Standard Time)] [Debug] [WS => Shard 0] Setting a heartbeat interval for 41250ms.
[Tue Dec 15 2020 19:44:04 GMT-0500 (Eastern Standard Time)] [Debug] [WS => Shard 0] [IDENTIFY] Shard 0/1
[Tue Dec 15 2020 19:44:05 GMT-0500 (Eastern Standard Time)] [Debug] [WS => Shard 0] [READY] Session 75b48eac70fae70f5ffdbd7f341cadd7.
[Tue Dec 15 2020 19:44:06 GMT-0500 (Eastern Standard Time)] [Debug] [WS => Shard 0] Shard received all its guilds. Marking as fully ready.
[Tue Dec 15 2020 19:44:07 GMT-0500 (Eastern Standard Time)] [Debug] [WS => Manager] Session Limit Information
    Total: 1000
    Remaining: 997
[Tue Dec 15 2020 19:47:45 GMT-0500 (Eastern Standard Time)] [Debug] [WS => Shard 0] [CLOSE]
    Event Code: 1000
    Clean     : true
    Reason    : No reason received
[Tue Dec 15 2020 19:47:45 GMT-0500 (Eastern Standard Time)] [Debug] [WS => Shard 0] Clearing the heartbeat interval.
[Tue Dec 15 2020 19:47:45 GMT-0500 (Eastern Standard Time)] [Debug] [WS => Shard 0] WS State: CLOSED
[Tue Dec 15 2020 19:47:51 GMT-0500 (Eastern Standard Time)] [Debug] [WS => Manager] Couldn't reconnect or fetch information about the gateway. FetchError: request to https://discord.com/api/v7/gateway/bot failed, reason: getaddrinfo ENOTFOUND discord.com
[Tue Dec 15 2020 19:47:51 GMT-0500 (Eastern Standard Time)] [Debug] [WS => Manager] Possible network error occurred. Retrying in 5s...
[Tue Dec 15 2020 19:47:56 GMT-0500 (Eastern Standard Time)] [Debug] [WS => Manager] Couldn't reconnect or fetch information about the gateway. FetchError: request to https://discord.com/api/v7/gateway/bot failed, reason: getaddrinfo ENOTFOUND discord.com
[Tue Dec 15 2020 19:47:56 GMT-0500 (Eastern Standard Time)] [Debug] [WS => Manager] Possible network error occurred. Retrying in 5s...
[Tue Dec 15 2020 19:48:01 GMT-0500 (Eastern Standard Time)] [Debug] [WS => Manager] Couldn't reconnect or fetch information about the gateway. FetchError: request to https://discord.com/api/v7/gateway/bot failed, reason: getaddrinfo ENOTFOUND discord.com
[Tue Dec 15 2020 19:48:01 GMT-0500 (Eastern Standard Time)] [Debug] [WS => Manager] Possible network error occurred. Retrying in 5s...
[Tue Dec 15 2020 19:48:12 GMT-0500 (Eastern Standard Time)] [Debug] [WS => Manager] Couldn't reconnect or fetch information about the gateway. FetchError: request to https://discord.com/api/v7/gateway/bot failed, reason: getaddrinfo ENOTFOUND discord.com
[Tue Dec 15 2020 19:48:12 GMT-0500 (Eastern Standard Time)] [Debug] [WS => Manager] Possible network error occurred. Retrying in 5s...
[Tue Dec 15 2020 19:48:17 GMT-0500 (Eastern Standard Time)] [Debug] [WS => Manager] Possible network error occurred. Retrying in 5s...
[Tue Dec 15 2020 19:48:17 GMT-0500 (Eastern Standard Time)] [Debug] [WS => Manager] Couldn't reconnect or fetch information about the gateway. FetchError: request to https://discord.com/api/v7/gateway/bot failed, reason: getaddrinfo ENOTFOUND discord.com
[Tue Dec 15 2020 19:48:24 GMT-0500 (Eastern Standard Time)] [Debug] [WS => Manager] Couldn't reconnect or fetch information about the gateway. FetchError: request to https://discord.com/api/v7/gateway/bot failed, reason: getaddrinfo ENOTFOUND discord.com
[Tue Dec 15 2020 19:48:24 GMT-0500 (Eastern Standard Time)] [Debug] [WS => Manager] Possible network error occurred. Retrying in 5s...
[Tue Dec 15 2020 19:48:35 GMT-0500 (Eastern Standard Time)] [Debug] [WS => Manager] Couldn't reconnect or fetch information about the gateway. FetchError: request to https://discord.com/api/v7/gateway/bot failed, reason: getaddrinfo ENOTFOUND discord.com
[Tue Dec 15 2020 19:48:35 GMT-0500 (Eastern Standard Time)] [Debug] [WS => Manager] Possible network error occurred. Retrying in 5s...
[Tue Dec 15 2020 19:48:47 GMT-0500 (Eastern Standard Time)] [Debug] [WS => Manager] Couldn't reconnect or fetch information about the gateway. FetchError: request to https://discord.com/api/v7/gateway/bot failed, reason: getaddrinfo ENOTFOUND discord.com
[Tue Dec 15 2020 19:48:47 GMT-0500 (Eastern Standard Time)] [Debug] [WS => Manager] Possible network error occurred. Retrying in 5s...
[Tue Dec 15 2020 19:48:58 GMT-0500 (Eastern Standard Time)] [Debug] [WS => Manager] Couldn't reconnect or fetch information about the gateway. FetchError: request to https://discord.com/api/v7/gateway/bot failed, reason: getaddrinfo ENOTFOUND discord.com
[Tue Dec 15 2020 19:48:58 GMT-0500 (Eastern Standard Time)] [Debug] [WS => Manager] Possible network error occurred. Retrying in 5s...
[Tue Dec 15 2020 19:49:26 GMT-0500 (Eastern Standard Time)] [Debug] [WS => Manager] Couldn't reconnect or fetch information about the gateway. FetchError: request to https://discord.com/api/v7/gateway/bot failed, reason: getaddrinfo ENOTFOUND discord.com
[Tue Dec 15 2020 19:49:26 GMT-0500 (Eastern Standard Time)] [Debug] [WS => Manager] Possible network error occurred. Retrying in 5s...
[Tue Dec 15 2020 19:50:01 GMT-0500 (Eastern Standard Time)] [Debug] [WS => Manager] Couldn't reconnect or fetch information about the gateway. AbortError: The user aborted a request.
[Tue Dec 15 2020 19:50:01 GMT-0500 (Eastern Standard Time)] [Debug] [WS => Manager] Possible network error occurred. Retrying in 5s...
[Tue Dec 15 2020 19:50:36 GMT-0500 (Eastern Standard Time)] [Debug] [WS => Manager] Couldn't reconnect or fetch information about the gateway. AbortError: The user aborted a request.
[Tue Dec 15 2020 19:50:36 GMT-0500 (Eastern Standard Time)] [Debug] [WS => Manager] Possible network error occurred. Retrying in 5s...
[Tue Dec 15 2020 19:51:11 GMT-0500 (Eastern Standard Time)] [Debug] [WS => Manager] Couldn't reconnect or fetch information about the gateway. AbortError: The user aborted a request.
[Tue Dec 15 2020 19:51:11 GMT-0500 (Eastern Standard Time)] [Debug] [WS => Manager] Possible network error occurred. Retrying in 5s...
[Tue Dec 15 2020 19:51:46 GMT-0500 (Eastern Standard Time)] [Debug] [WS => Manager] Couldn't reconnect or fetch information about the gateway. AbortError: The user aborted a request.
[Tue Dec 15 2020 19:51:46 GMT-0500 (Eastern Standard Time)] [Debug] [WS => Manager] Possible network error occurred. Retrying in 5s...
[Tue Dec 15 2020 19:52:21 GMT-0500 (Eastern Standard Time)] [Debug] [WS => Manager] Couldn't reconnect or fetch information about the gateway. AbortError: The user aborted a request.
[Tue Dec 15 2020 19:52:21 GMT-0500 (Eastern Standard Time)] [Debug] [WS => Manager] Possible network error occurred. Retrying in 5s...
[Tue Dec 15 2020 19:52:56 GMT-0500 (Eastern Standard Time)] [Debug] [WS => Manager] Couldn't reconnect or fetch information about the gateway. AbortError: The user aborted a request.
[Tue Dec 15 2020 19:52:56 GMT-0500 (Eastern Standard Time)] [Debug] [WS => Manager] Possible network error occurred. Retrying in 5s...
[Tue Dec 15 2020 19:53:31 GMT-0500 (Eastern Standard Time)] [Debug] [WS => Manager] Couldn't reconnect or fetch information about the gateway. AbortError: The user aborted a request.
[Tue Dec 15 2020 19:53:31 GMT-0500 (Eastern Standard Time)] [Debug] [WS => Manager] Possible network error occurred. Retrying in 5s...
[Tue Dec 15 2020 19:54:06 GMT-0500 (Eastern Standard Time)] [Debug] [WS => Manager] Couldn't reconnect or fetch information about the gateway. AbortError: The user aborted a request.
[Tue Dec 15 2020 19:54:06 GMT-0500 (Eastern Standard Time)] [Debug] [WS => Manager] Possible network error occurred. Retrying in 5s...
[Tue Dec 15 2020 19:54:41 GMT-0500 (Eastern Standard Time)] [Debug] [WS => Manager] Couldn't reconnect or fetch information about the gateway. AbortError: The user aborted a request.
[Tue Dec 15 2020 19:54:41 GMT-0500 (Eastern Standard Time)] [Debug] [WS => Manager] Possible network error occurred. Retrying in 5s...
[Tue Dec 15 2020 19:55:12 GMT-0500 (Eastern Standard Time)] [Debug] [WS => Manager] Couldn't reconnect or fetch information about the gateway. FetchError: request to https://discord.com/api/v7/gateway/bot failed, reason: getaddrinfo ENOTFOUND discord.com
[Tue Dec 15 2020 19:55:12 GMT-0500 (Eastern Standard Time)] [Debug] [WS => Manager] Possible network error occurred. Retrying in 5s...
[Tue Dec 15 2020 19:55:44 GMT-0500 (Eastern Standard Time)] [Debug] [WS => Manager] Couldn't reconnect or fetch information about the gateway. AbortError: The user aborted a request.
[Tue Dec 15 2020 19:55:44 GMT-0500 (Eastern Standard Time)] [Debug] [WS => Manager] Possible network error occurred. Retrying in 5s...
[Tue Dec 15 2020 19:56:19 GMT-0500 (Eastern Standard Time)] [Debug] [WS => Manager] Couldn't reconnect or fetch information about the gateway. AbortError: The user aborted a request.
[Tue Dec 15 2020 19:56:19 GMT-0500 (Eastern Standard Time)] [Debug] [WS => Manager] Possible network error occurred. Retrying in 5s...
[Tue Dec 15 2020 19:56:54 GMT-0500 (Eastern Standard Time)] [Debug] [WS => Manager] Couldn't reconnect or fetch information about the gateway. AbortError: The user aborted a request.
[Tue Dec 15 2020 19:56:54 GMT-0500 (Eastern Standard Time)] [Debug] [WS => Manager] Possible network error occurred. Retrying in 5s...
[Tue Dec 15 2020 19:57:25 GMT-0500 (Eastern Standard Time)] [Debug] [WS => Manager] Couldn't reconnect or fetch information about the gateway. AbortError: The user aborted a request.
[Tue Dec 15 2020 19:57:25 GMT-0500 (Eastern Standard Time)] [Debug] [WS => Manager] Possible network error occurred. Retrying in 5s...
[Tue Dec 15 2020 19:57:57 GMT-0500 (Eastern Standard Time)] [Debug] [WS => Manager] Possible network error occurred. Retrying in 5s...
[Tue Dec 15 2020 19:57:57 GMT-0500 (Eastern Standard Time)] [Debug] [WS => Manager] Couldn't reconnect or fetch information about the gateway. FetchError: request to https://discord.com/api/v7/gateway/bot failed, reason: getaddrinfo ENOTFOUND discord.com
[Tue Dec 15 2020 19:58:32 GMT-0500 (Eastern Standard Time)] [Debug] [WS => Manager] Possible network error occurred. Retrying in 5s...
[Tue Dec 15 2020 19:58:32 GMT-0500 (Eastern Standard Time)] [Debug] [WS => Manager] Couldn't reconnect or fetch information about the gateway. AbortError: The user aborted a request.
[Tue Dec 15 2020 19:59:07 GMT-0500 (Eastern Standard Time)] [Debug] [WS => Manager] Couldn't reconnect or fetch information about the gateway. AbortError: The user aborted a request.
[Tue Dec 15 2020 19:59:07 GMT-0500 (Eastern Standard Time)] [Debug] [WS => Manager] Possible network error occurred. Retrying in 5s...
[Tue Dec 15 2020 19:59:42 GMT-0500 (Eastern Standard Time)] [Debug] [WS => Manager] Couldn't reconnect or fetch information about the gateway. AbortError: The user aborted a request.
[Tue Dec 15 2020 19:59:42 GMT-0500 (Eastern Standard Time)] [Debug] [WS => Manager] Possible network error occurred. Retrying in 5s...
[Tue Dec 15 2020 19:59:50 GMT-0500 (Eastern Standard Time)] [Debug] [WS => Manager] Session Limit Information
    Total: 1000
    Remaining: 997
[Tue Dec 15 2020 19:59:50 GMT-0500 (Eastern Standard Time)] [Debug] [WS => Shard 0] [CONNECT]
    Gateway    : wss://gateway.discord.gg/
    Version    : 6
    Encoding   : json
    Compression: none
[Tue Dec 15 2020 19:59:50 GMT-0500 (Eastern Standard Time)] [Debug] [WS => Shard 0] Setting a HELLO timeout for 20s.
[Tue Dec 15 2020 19:59:51 GMT-0500 (Eastern Standard Time)] [Debug] [WS => Shard 0] [CONNECTED] wss://gateway.discord.gg/?v=6&encoding=json in 959ms
[Tue Dec 15 2020 19:59:51 GMT-0500 (Eastern Standard Time)] [Debug] [WS => Shard 0] Setting a heartbeat interval for 41250ms.
[Tue Dec 15 2020 19:59:51 GMT-0500 (Eastern Standard Time)] [Debug] [WS => Shard 0] [IDENTIFY] Shard 0/1
[Tue Dec 15 2020 19:59:51 GMT-0500 (Eastern Standard Time)] [Debug] [WS => Shard 0] Clearing the HELLO timeout.
[Tue Dec 15 2020 19:59:52 GMT-0500 (Eastern Standard Time)] [Debug] [WS => Shard 0] [READY] Session a3defeef34c48003a0b3a554a34f4986.
[Tue Dec 15 2020 19:59:54 GMT-0500 (Eastern Standard Time)] [Debug] [WS => Shard 0] Shard received all its guilds. Marking as fully ready.